*** Life<FredkinCell> 48x7 ***

Generation = 0, Population = 13.
----0--
-------
-------
-------
-------
-------
-------
-------
----0--
-------
-------
-------
-------
-0-----
-------
----0--
-------
-------
-------
-------
-------
-------
-------
-----0-
-------
0------
-------
--0----
-------
-------
-------
-------
-------
-------
-------
-------
-------
-------
-------
--0---0
-------
-0-----
--0----
-------
----0--
-------
-------
----0--

Generation = 2, Population = 39.
--0-0-0
-------
----0--
-------
-------
-------
----0--
-------
--0---0
-------
----0--
-0-----
-------
---00--
-------
-00---0
-------
----0--
-------
-------
-------
-----0-
-------
0--0---
-------
0----0-
-------
----0--
-------
--0----
-------
-------
-------
-------
-------
-------
-------
--0---0
-------
01----0
--1----
--00--0
0------
-0-----
------0
----1--
----1--
--0-0-0

Generation = 4, Population = 49.
0-----0
-------
----0--
-------
-------
-------
-------
-------
0-----0
-0-----
-------
----1--
----1--
-0---1-
-------
1-----0
-------
-0-----
-------
----00-
-------
0------
-------
-11--0-
-------
--0-1--
-------
0----10
-------
0------
-------
--0----
-------
-------
-------
--0---0
-------
-1-----
--1----
2-0-0-0
----0--
-1---1-
0-----1
--1-0-1
0-----0
-0--3--
--1----
0-----0

Generation = 6, Population = 77.
--0----
-------
0-0----
-------
----0--
-------
0-----0
-0-----
0-0-0-0
---00--
0---1-0
--0--10
--0---0
1---1-1
----0--
1-1-010
-------
1--0000
-------
0001--1
-------
01--0--
-------
--3----
-------
-1--1--
-------
---0--2
-------
-----00
-------
----0--
-------
------0
-------
01----0
--1----
1--00--
1------
-----0-
1------
0------
--1----
0-1-00-
----0--
0--13-1
----2-1
-11----

Generation = 8, Population = 26.
----0--
-------
-------
-------
-------
-0-----
----0--
----1--
----2--
-------
-------
-------
-------
-------
-------
-----1-
----0--
1------
-------
--0----
-------
-3-----
-------
----0--
-------
-------
-------
-------
-------
-------
-------
--0--10
-------
00-----
--0----
--0----
----1--
-------
-------
----2--
-------
----0--
-------
-------
----0--
-------
--2----
-33---1

Generation = 10, Population = 73.
--0-0-0
-------
----0--
-0-----
----0--
---01--
--0-2-0
-00---0
--0-4-0
----2--
----2--
-------
-------
-----1-
----0--
1--0---
--0---0
1----0-
----0--
-1--1--
-------
--100--
-------
-23---0
-------
----1--
-------
-------
-------
--0--11
-------
-1-1--2
--1----
2-00-00
1------
-3--1--
------0
--0-2--
----1--
--1-2-0
-------
--0-0-0
----1--
----1--
------1
-01---2
0------
1531---

Generation = 12, Population = 91.
0-----0
-0-----
-------
----0--
-------
-0---1-
0-----2
1-----0
0-----2
-0-----
----4--
----32-
-------
1------
-------
-21--1-
0-----0
-11-0--
-------
2---321
----0--
14---1-
-------
1-5---0
-------
-1-----
-------
--0-022
-------
01-----
--1----
11--132
----0--
-10-02-
3-----1
1-2-11-
0-----0
22--4--
--2----
2-1---0
-------
1-----0
--3----
-02-3-2
0-----3
-23-4-4
2-3---3
153-201

Generation = 14, Population = 114.
--0-0--
---00--
0-----0
--0--10
0-----0
0---3-0
--1-3--
1-1-110
--1----
0--1301
0-0----
0011--2
----3--
11--2--
1-----0
-43----
0-0-1-0
-3-1---
1---1-1
--03-2-
--0---1
3---11-
----0--
1-5--10
-------
1--010-
-------
--00---
--1----
-3-0---
0------
--0--3-
1------
33--0--
--1----
1-20331
----1--
2--241-
----2-1
-23-3--
-------
-21---0
----2-2
-2-03--
--0-0--
--32-0-
4-3----
1----0-

Generation = 16, Population = 23.
-------
-0-----
-------
-------
-------
-------
----3--
-----1-
-------
2------
-------
--3----
-------
-------
----1--
-------
----1--
-------
-------
-------
-------
-------
-------
--5---2
----1--
-2-----
--1----
-------
----0--
-3-----
-------
-------
-------
----0--
-------
-------
----1--
-------
--4----
-4---1-
-------
2-3---2
-------
--3----
-------
-------
-------
-------

Generation = 18, Population = 57.
-------
---1---
-------
-0-----
----1--
-----1-
--2---3
1--0---
----5--
2----0-
-------
----3--
----4--
--0----
--0-1-0
-------
--1-1-0
-------
----1--
-------
-------
--2---0
----1--
14----2
------1
--01--0
0---0--
-------
------0
---0---
----0--
-2--1--
-------
--1---1
----1--
----5--
------0
-3---2-
2------
3-4---1
--3----
-3---22
-------
--3-4-3
-------
--4----
-------
-------

Generation = 20, Population = 72.
-------
-----0-
----0--
-----2-
-------
10-----
2-----3
-21--1-
-------
--0-3--
-------
0----42
----6--
1------
2-----0
--3----
0-----0
-------
----1--
--0---2
-------
-6-----
--1----
3-6-1-4
1---1-1
-----2-
0-----1
--0---4
0---0-0
----02-
--1----
-------
-------
35----1
--3----
-3---4-
0-----0
2-1-5-0
4-----2
--6----
----1--
3-----4
--5----
03---13
-------
0-4---4
-------
--3----

*** Life<FredkinCell> 25x15 ***

Generation = 0, Population = 59.
------0--------
-00-0--0----0--
------0-0----0-
0--00-0-------0
------0---0----
---------------
---0-----------
-----0---------
-----0---0--00-
------------0--
0--0--0-0------
---0---0-------
---0-----0----0
--00---------00
-0-0-------00--
00-------------
--------00--0--
----0----------
--0-------0----
--0---------0--
-----0-0---0---
-------0-----00
0--------------
---------0-----
-------------0-

Generation = 25, Population = 194.
3-6+-4646+2-7+-
37-+94+6---8---
--6-36-6--839--
--4+-5---759--6
-34956-2-7---96
--24+-4+453--+6
4+2-------45---
-84-25570--2-5-
4----+65---4-34
-74-746--3-3636
7-5--4-555+----
--9-724-3-3-476
-57-589+9572---
4-575--76-78---
4-------237881-
-4-8----45-53-7
-7-74+5+4-66-8-
-47433--44--73-
2-5-----+-----6
---+5--6+4-6245
--27-8-8-6+-++7
6--3-7996---57-
-2--3----3+-8--
-14-4---------+
-3--+----73-+--

Generation = 50, Population = 188.
--+--6++++-8+-+
-++--+-+-+++---
-3------+-+8+-+
+9+------++---+
7+-+-+-7--7-++-
---------+7+--+
++---+89+---+--
++---++-4+-+--+
-+-+++++-+++-88
---++6-+---7+-8
+--+9+-----++--
--+89+6-+--7+-+
-+--9++-----5+-
7+-+-98+-9-+9--
9+--9-+-+8-++8+
-8++-----9--79+
+-9+-+++9+++--+
6+-++9++-8+----
4--++----8----+
+-+--6+++--9-+-
9-+-8+-+-+-++++
-+-----+---+---
98--+---+-+-+-7
+6+------8++-+-
-5+++-----++++-

Generation = 75, Population = 194.
+---+---+---+++
++-+-++-+-+-++-
+7+-+-++++-+--+
---+++--+-+++++
++++-++-++---+-
-+++-+-++++++--
---+-+-++++-+--
+-----++-+-+-+-
-+-+-+++-+---+-
--++-++-++-++--
-+---+-++++-+++
-9++-++++---+-+
+---+-+-+-++-+-
--++--++--+-+--
-+--+++--++++-+
-++--8+-++6++++
---++--+-+---+-
+++--++---+--++
+++----+-+++---
---+-8-++-+--++
++--+++---++---
--+-+--+-+-++-+
--++----+++9-++
--++---+--+++--
-+-+----+++--++

Generation = 100, Population = 187.
++---++--++---+
++++-----++++--
-+++-+--+-+--++
--+----+++-+++-
-+--+---+-++--+
--++++++---++-+
-+-+--+--+-++-+
+-+-++---+-+-+-
-+++-----+--++-
+-+--++--++---+
-++-++-+----+-+
-+---++-++--+-+
+-++-+--+++-++-
+-+-+--+++++++-
+-+--+--+--+--+
--+++++++---+++
---++++++++++-+
+----+--+++++-+
+++--+-+-+--+--
--+--+---+--++-
-++-+-----+++--
+--+++--+----++
++--+-++--++--+
-+-++--+-------
++++++--+-+-++-

Generation = 125, Population = 192.
+----++-+-+----
--+--+-++----+-
-++++--+---++++
+-++-+-----+--+
-++++-+--++++--
-++++--------++
+++++--+--++--+
---++++++++-+--
++-++++++--++-+
++-+---+---++++
+++--+-+++++-++
+---+++-+--++-+
+++-+++--+--+--
----+----+---+-
+---+----+-+-++
++---++---+++--
++-+----+---+++
+++++-++-+-+--+
-+--++++----+-+
--++-+++-+++-+-
++-++-+-+++--++
++-+-++---+----
+-+-++-++++-+--
-+-+-+-++++--++
++--+-------++-

Generation = 150, Population = 191.
+++++++-++--+++
++++++++++-++-+
+--+--++-+++-++
-----++--++--+-
-----++++++++--
++++-+---+-+-+-
++----+--+--+-+
--+-+---+--++--
+-+++++-----+++
-+++-+--++--+-+
+--++--+-++--+-
++++---+-+-----
+--+-----+--++-
+----+++++--+++
+-+++++---+++-+
-----+-+-----++
-++---+-+++----
--+-+--++---+--
+++---+--+---++
+-+-+++-+-+---+
++---+-++-+-+--
+-+---+++++++--
++++--+++-+--+-
+++-+---+-+---+
---+-++++-++++-

Generation = 175, Population = 181.
++++++-+-++++-+
+-++-+++++++--+
++++---+-++----
-++-++--+-+-+-+
+-++---+-++-+-+
+-+--+--+++++--
++----+-+++-+--
--+--+-+++-++-+
---+----++++--+
-++-+-+++-+---+
++----+--++-+--
--++++++--++-+-
+++-++--++-++--
-++--+++-++--+-
-+-----++-+---+
-+------+--+-++
--++---+++---+-
-++-++-++---+--
+----+-----++--
+-++-+------+++
----++---+--+--
+--+++--+--+---
-+----+---+----
+++++----++-+--
+++++-++++--++-

Generation = 200, Population = 184.
--++-+-++--++++
-+--+--+--+-+--
-+++++-+++-----
--+++--+++-++++
-++++++------+-
--+--++++++--++
-+-+---+-+-----
----+-+--+-+---
--++--+----+-++
-+--+-+-+---+++
-+-+-+-++-+---+
--+++-++---++--
-+++--+++---+++
--++-+++++-----
+++--+---+-+---
+---+-+--+-+-+-
++--+-+++-+--++
-++-+-+-+---+++
++-++-+-++-+---
+-+-+---++-+++-
+--++-+-+-+-+--
----++++++-+---
+++-+-++++++-++
+-----+-+----+-
++++-+++-+-++--
