*** Life<Cell> 83x86 ***

Generation = 0, Population = 75.
--------------------------------------------------------------------------------------
------------------------------------------------0------------------0------------------
--------------------------------------------------------------------------------------
---------------------------------------------------------------------0----------------
--------------------------------------------------------------------------------------
-----------------------------------------------------------------------0--------------
--------------------------------------------------------------------------------------
----------------------------------0---------------------------------------------------
--------------------------------------------------------------------------------------
--------------------------------------------------------------------------------------
-----------------------------------------------------------------------0------------0-
-----------------------------------------0------------------------0--0----------------
-----------------------0--------------------------0-----------------------------------
---------------------------------------0----------------------------------------------
---------------------------------------------0----------------------------------------
--------------------------------------------------------------------------------------
-------------0------------------------0-----------------------------------------------
-----------------------------------------------------------------------0--------------
--------------------------------------------------------------------------------------
--------------------------------------------------------------------------------------
-------------------------------------------------------------------------------------0
-----------------------0--------------------------------------------------------------
--------------------------------------------------0-----------------------------------
--------------------------------------------------------------------------------------
--------------------------------------------------------------------------------------
--------------------------------------------------------------------------------------
--------------------------------------------0---------------------------------0-------
------------------------------0-------------------------------------------------------
------------------------------------0----------------------------------------0--------
--------------------------------------------------------------------------------------
-------------------------------------------------------------------0--------0---------
--------------------------------------------------------------------------------------
--------------------------------------------------------------------------------------
-----------------------------------------0-----------0--------------------------------
----------------------------------------0---------------------------------------------
--------------------------------------------------------------------------------------
--------------------------------------------------------------------------------------
-----------------------------------------------------------0--------------------------
---------------------------------------------0----------------------------------------
-------------------------0------------------------------------------------------------
------------------0---------------------------------0---------------------------------
---------------------0----------------------------------------------------------------
-------------------0------------------------------------------------------------------
---------------0-0--------------------------------------------------------------------
----0---------------------------------------------------------------------------------
--------------------------------------------0-----------0-----------------------------
-------------------0------------------------------------------------------------------
--------------------------------------------------------------------------------------
----------------------------------------------0---------------------------------------
--------------------------------------------------------------------------------------
-------------------------------------------------------------0----0-------------------
--------------------------------------------------------------------------------------
------------------------0-------------------------------------------------------------
-------------------------------------0-----------0-0-----------------0----------------
--------------------------------------------------------------------------------------
0----------------------0--------------------------------------------------------------
---------------------------------------------------0----------------------------------
-------------------0-------0------------------0--------------------0------------------
--------------------------------------------------------------------------------------
--------------------------------------------------------------------------------------
--------------------------------------------------------------------------------------
--------------------------------------------------------------------------------------
--------------------------------------------------------------------------------------
--------------------------------------------------------------------------------------
----------------------0---------------------------------------------------------------
--------------------------------------------------------------------------------------
-----------------------------0--------------------------------------------------------
-----------------------------------------------0--------------------------------------
----------------------------------------------0---------------------------------------
------------------------------------------------------------------0-------------------
--------------------------------------------------------------------------------------
----------------------------------------------------------------------------------0---
--------------------------------------------------------------------------------------
--------------------------------------------------------------------------------------
--------------------------------------------------------0-----------------------------
---------0-------------------------------------------------------------------0--------
------------------0-------------------------------------------------------------------
--------------------------------------------------------------------------------------
-------------------------------0------------------------------------------------------
--------------------------------------------------------------------------------------
----------------0-------------0-----0-------------------------------------------------
------------------0-------------------------------------------------------------------
-------------------------0---------0--------------------------------------------------

Generation = 1, Population = 284.
------------------------------------------------0------------------0------------------
-----------------------------------------------0-0----------------0-0-----------------
------------------------------------------------0------------------0-0----------------
--------------------------------------------------------------------0-0---------------
---------------------------------------------------------------------0-0--------------
----------------------------------------------------------------------0-0-------------
----------------------------------0------------------------------------0--------------
---------------------------------0-0--------------------------------------------------
----------------------------------0---------------------------------------------------
-----------------------------------------------------------------------0------------0-
-----------------------------------------0------------------------0--00-0----------0-0
-----------------------0----------------0-0-------0--------------0-00-00------------0-
----------------------0-0--------------0-0-------0-0--------------0--0----------------
-----------------------0--------------0-0----0----0-----------------------------------
---------------------------------------0----0-0---------------------------------------
-------------0------------------------0------0----------------------------------------
------------0-0----------------------0-0-------------------------------0--------------
-------------0------------------------0-------------------------------0-0-------------
-----------------------------------------------------------------------0--------------
-------------------------------------------------------------------------------------0
-----------------------0------------------------------------------------------------0-
----------------------0-0-------------------------0----------------------------------0
-----------------------0-------------------------0-0----------------------------------
--------------------------------------------------0-----------------------------------
--------------------------------------------------------------------------------------
--------------------------------------------0---------------------------------0-------
------------------------------0------------0-0-------------------------------0-0------
-----------------------------0-0----0-------0--------------------------------00-------
------------------------------0----0-0--------------------------------------0-0-------
------------------------------------0------------------------------0--------00--------
------------------------------------------------------------------0-0------0-0--------
-------------------------------------------------------------------0--------0---------
-----------------------------------------0-----------0--------------------------------
------------------------------------------0---------0-0-------------------------------
---------------------------------------0-------------0--------------------------------
----------------------------------------0---------------------------------------------
-----------------------------------------------------------0--------------------------
---------------------------------------------0------------0-0-------------------------
-------------------------0------------------0-0------------0--------------------------
------------------0-----0-0------------------0------0---------------------------------
-----------------0-0-0---0-------------------------0-0--------------------------------
------------------000-0-----------------------------0---------------------------------
---------------0-00-00----------------------------------------------------------------
----0---------0---00------------------------------------------------------------------
---0-0---------0-0--------------------------0-----------0-----------------------------
----0--------------0-----------------------0-0---------0-0----------------------------
------------------0-0-----------------------0-----------0-----------------------------
-------------------0--------------------------0---------------------------------------
---------------------------------------------0-0--------------------------------------
----------------------------------------------0--------------0----0-------------------
------------------------------------------------------------0-0--0-0------------------
------------------------0------------------------------------0----0-------------------
-----------------------0-0-----------0-----------0-0-----------------0----------------
------------------------0-----------0-0---------0---0---------------0-0---------------
0----------------------0-------------0-----------0-0-----------------0----------------
-0--------------------0-0--------------------------0----------------------------------
0------------------0---0---0------------------0---0-0--------------0------------------
------------------0-0-----0-0----------------0-0---0--------------0-0-----------------
-------------------0-------0------------------0--------------------0------------------
--------------------------------------------------------------------------------------
--------------------------------------------------------------------------------------
--------------------------------------------------------------------------------------
--------------------------------------------------------------------------------------
----------------------0---------------------------------------------------------------
---------------------0-0--------------------------------------------------------------
----------------------0------0--------------------------------------------------------
----------------------------0-0----------------0--------------------------------------
-----------------------------0------------------0-------------------------------------
---------------------------------------------0--------------------0-------------------
----------------------------------------------0------------------0-0------------------
------------------------------------------------------------------0---------------0---
---------------------------------------------------------------------------------0-0--
----------------------------------------------------------------------------------0---
--------------------------------------------------------0-----------------------------
---------0---------------------------------------------0-0-------------------0--------
--------0-0-------0-------------------------------------0-------------------0-0-------
---------0-------0-0---------------------------------------------------------0--------
------------------0------------0------------------------------------------------------
------------------------------0-0-----------------------------------------------------
----------------0-------------00----0-------------------------------------------------
---------------0-00----------0-0---0-0------------------------------------------------
----------------00-0-----0----0----00-------------------------------------------------
------------------0-----0-0-------0-0-------------------------------------------------

Generation = 2, Population = 282.
--------------------------------------------------------------------------------------
----------------------------------------------0---0--------------0--------------------
--------------------------------------------------------------------------------------
------------------------------------------------0-------------------------------------
--------------------------------------------------------------------------------------
----------------------------------0--------------------------------------0------------
--------------------------------------------------------------------------------------
--------------------------------0---0----------------------------------0--------------
-----------------------------------------------------------------------0------------0-
----------------------------------0------0------------------------0--0----------------
-----------------------0--------------------------0------------------1---0--------0---
-------------------------------------------0--------------------0--11--1--------------
---------------------0---0-------------------0--0---0------------------0------------0-
-------------------------------------0----------------------------0--0----------------
-------------0---------0--------------0----0---0--0-----------------------------------
---------------------------------------0-------------------------------0--------------
-----------0---0--------------------0---0----0----------------------------------------
---------------------------------------------------------------------0---0------------
-------------0------------------------0----------------------------------------------0
-----------------------0-----------------------------------------------0--------------
--------------------------------------------------0--------------------------------0-0
---------------------0---0------------------------------------------------------------
------------------------------------------------0---0--------------------------------0
-----------------------0--------------------------------------------------------------
--------------------------------------------0-----0---------------------------0-------
------------------------------0-------------------------------------------------------
------------------------------------0-----0---0-----------------------------01--0-----
----------------------------0---0-----------------------------------------------------
----------------------------------0---0-----0----------------------0-------01-10------
------------------------------0-------------------------------------------------------
------------------------------------0----------------------------0---0----0--10-------
-----------------------------------------0-----------0--------------------------------
----------------------------------------0--------------------------0--------0---------
---------------------------------------0---0-------0---0------------------------------
--------------------------------------0---0-------------------------------------------
-----------------------------------------0-----------0-----0--------------------------
----------------------------------------0----0----------------------------------------
-------------------------0-------------------------------0---0------------------------
------------------0------------------------0---0----0---------------------------------
---------------------0-0---0-------------------------------0--------------------------
----------------0--10------------------------0----0---0-------------------------------
---------------0-0-1---0-0------------------------------------------------------------
----0------------11--1------------------------------0---------------------------------
-------------0-0-0-1-0----------------------0-----------0-----------------------------
--0---0-------------------------------------------------------------------------------
---------------0-0------------------------0---0-------0---0---------------------------
----0------------0---0------------------------0---------------------------------------
--------------------------------------------0-----------0-----------------------------
-------------------0------------------------0---0------------0----0-------------------
--------------------------------------------------------------------------------------
------------------------0---------------------0------------0---00---0-----------------
-------------------------------------0-----------0-0-----------------0----------------
----------------------0---0----------------------------------0----0-------------------
0----------------------0-----------0---0-------0-0-0-0-------------0---0--------------
------------------------0--------------------------1----------------------------------
0-0----------------0-0---0-0---------0--------0--0-1---------------0-0----------------
-------------------------------------------------0---0--------------------------------
0----------------0---0-0-0---0--------------0---0----------------0---0----------------
---------------------------------------------------0----------------------------------
-------------------0-------0------------------0--------------------0------------------
--------------------------------------------------------------------------------------
--------------------------------------------------------------------------------------
----------------------0---------------------------------------------------------------
--------------------------------------------------------------------------------------
--------------------0---0----0--------------------------------------------------------
-----------------------------------------------0--------------------------------------
----------------------0----0---0--------------0---------------------------------------
---------------------------------------------0---0----------------0-------------------
-----------------------------0--------------0---0-------------------------------------
-----------------------------------------------0----------------0---0-------------0---
----------------------------------------------0---------------------------------------
------------------------------------------------------------------0-------------0---0-
--------------------------------------------------------0-----------------------------
---------0-------------------------------------------------------------------0----0---
------------------0-----------------------------------0---0---------------------------
-------0---0---------------------------------------------------------------0---0------
----------------0---0----------0------------------------0-----------------------------
---------0-------------------------------------------------------------------0--------
----------------0-0----------01--0--0-------------------------------------------------
------------------0-------------------------------------------------------------------
--------------0---1------0--0--10-01--0-----------------------------------------------
----------------1---0-----------------------------------------------------------------
----------------0------0-0-0--0--0-010------------------------------------------------

Generation = 3, Population = 909.
----------------------------------------------0---0--------------0--------------------
---------------------------------------------0-0-0-0------------0-0-------------------
----------------------------------------------0-0-0--------------0--------------------
-----------------------------------------------0-0------------------------------------
----------------------------------0-------------0------------------------0------------
---------------------------------0-0------------------------------------0-0-----------
--------------------------------0-0-0----------------------------------0-0------------
-------------------------------0-0-0-0--------------------------------010-----------0-
--------------------------------0-0-0----0------------------------0--0010----------0-0
-----------------------0---------0-0----0-0-------0--------------0-00100-0--------0-0-
----------------------0-0---------0------0-0-----0-0------------0-00-*000-0------0-0--
---------------------0-0-0----------------0-00--0-0-0----------0-00**-0*00--------0-0-
--------------------0-0-0-0----------0-----00-00-0-0-0----------0-0000010----------0-0
-------------0-------0-0-0----------0------0-0-00-0-0------------0-00-00------------0-
------------0-0-------0-0-----------------0-0-0-00-0--------------0--0-0--------------
-----------0-0-0-------0------------0------0-0-0--0-------------------0-0-------------
----------0-0-0-0------------------0-0---0--0-0----------------------0-0-0------------
-----------0-0-0--------------------0-0-0----0----------------------0-0-0-0----------0
------------0-0--------0-------------0-0-----------------------------0-0-0----------0-
-------------0--------0-0-------------0-----------0-------------------0-0----------0--
---------------------0-0-0-----------------------0-0-------------------0----------0---
--------------------0-0-0-0---------------------0-0-0------------------------------0--
---------------------0-0-0---------------------0-0-0-0------------------------------0-
----------------------0-0-------------------0---0-0-0-------------------------0------0
-----------------------0------0------------0-0---0-0-------------------------0-0------
-----------------------------0-0----0-----0-0-0---0-------------------------000-0-----
----------------------------0-0-0--0-0---0-0-0-0---------------------------01*00-0----
---------------------------0-0-0-00-0-0---0-0-0--------------------0-------0-0000-----
----------------------------0-0-00-0-0-0---0-0--------------------0-0-----01*-*10-----
-----------------------------0-0--0-0-0-----0--------------------0-0-0----0000-0------
------------------------------0----0-0---0-----------0----------0-0-0-0--0-00*10------
------------------------------------0-----0---------0-0----------0-0-0----0-000-------
-------------------------------------------0-------0-0-0----------0-0------0-0--------
--------------------------------------------0-----0-0-0-0----------0--------0---------
-------------------------------------0-------------0-0-0---0--------------------------
--------------------------------------0------0------0-0---0-0-------------------------
-------------------------0-------------0----0-0------0---0-0-0------------------------
------------------0-----0-0-------------0--0-0-0----0---0-0-0-0-----------------------
-----------------0-0-0-0-0-0--------------0-0-0-0--0-0---0-0-0------------------------
----------------0-00----0-0-0--------------0-0-0--0-0-0---0-0-------------------------
------------------0-1----0-0----------------0-0--0-0-0-0---0--------------------------
----0---------0-010*-00---0------------------0----0-0-0-------------------------------
---0-0-------0--0**00*00-0------------------0------0-0--0-----------------------------
--0-0-0-----0----10--10--------------------0-0------0--0-0----------------------------
-0-0-0-0-----0-----0-0--------------------0-0-0-------0-0-0---------------------------
--0-0-0-------0--10--0-------------------0-0-010-----0-0-0-0--------------------------
---0-0---------0010-0-0-------------------0-0010------0-0-0---------------------------
----0------------0-0-0---------------------0100-0------0-0---0----0-------------------
------------------0-0----------------------010-0-0------0---0-0--0-0------------------
-------------------0----0-------------------0-0-0----------0-0-00-0-0-----------------
-----------------------0-0-----------0-------0-0-0-0------0-0-0110-0------------------
----------------------0-0-0---------0-0-------0-0---0------0-0-00-0---0---------------
0--------------------0---0-0-------0-0-0-------0-----0------0-0--0---0-0--------------
-0------------------------0-------0-0-0-0-----0----1--0------0------0-0-0-------------
--0----------------0-0-----0-------0-0-0------00--0-00---------------0-0--------------
---0--------------0---0-----0-------0-0------0-001-*00------------0---0---------------
--0--------------0-0---0---0-0-------0------0-0--1000-0----------0-0------------------
-0--------------0-0-0-----0-0-0------------0-0-0---0-0----------0-0-0-0---------------
0----------------0-0-0-0-0-0-0--------------0-0-0-0-0------------0-0-0----------------
------------------0-0-----0-0----------------0-0---0--------------0-0-----------------
-------------------0-------0------------------0--------------------0------------------
----------------------0---------------------------------------------------------------
---------------------0-0--------------------------------------------------------------
--------------------0-0-0----0--------------------------------------------------------
-------------------0-0-0-0--0-0----------------0--------------------------------------
--------------------0-0-0--0-0-0----------------0-------------------------------------
---------------------0-0--0-0-0-0----------------0----------------0-------------------
----------------------0----0-0-0------------------0--------------0-0------------------
----------------------------0-0------------0--------------------0-0-0-------------0---
-----------------------------0--------------0------------------0-0-0-0-----------0-0--
---------------------------------------------0------------------0-0-0-----------0-0-0-
----------------------------------------------0---------0--------0-0-----------0-0-0-0
---------0---------------------------------------------0-0--------0----------0--0-0-0-
--------0-0-------0-----------------------------------0-0-0-----------------0-0--0-0--
-------0-0-0-----0-0---------------------------------0-0-0-0---------------0-0-0--0---
------0-0-0-0---0-0-0----------0----------------------0-0-0---------------0-0-0-0-----
-------0-0-0---0-0-0-0--------0-0----------------------0-0-----------------0-0-0------
--------0-0-------0-0--------000-0--0-------------------0-------------------0-0-------
---------0-----0--10--------01*00-00-0---------------------------------------0--------
--------------0-00-0-----0--000000000-0-----------------------------------------------
-------------0-000*00---0-00-00*1-1*00-0----------------------------------------------
--------------00*000-0-0---00-00000-000-----------------------------------------------
---------------010--0-0-----00-00--1-10-----------------------------------------------

Generation = 4, Population = 284.
--------------------------------------------------------------------------------------
--------------------------------------------0---0---0----------0---0------------------
--------------------------------------------------------------------------------------
----------------------------------0------------------------------0-------0------------
--------------------------------------------------------------------------------------
------------------------------------------------0--------------------------0----------
-----------------------------------------------------------------------1------------0-
------------------------------0-------0--0------------------------0-------------------
-----------------------0--------------------------0-----------------------------------
---------------------------------------0-------------------------------1--------------
---------------------------------------------0---------------------1-.-----0----0---0-
----------------------------------0--0-------1----------------0--1-..-1.-1------------
-------------0-----0-------0----------0-------1-------0-------------------------------
-----------------------------------0-------1---------------------------1--------------
-----------------------------------------0-------1---------------------1------------0-
-----------------------------------------0------------------------0--0----------------
---------0-------0-----0----------0-------0-------0----------------------------------0
-----------------------0---------------0---------------------------0-------0----------
---------------------------------------------0----0-----------------------------------
--------------------------------------------------------------------------------------
-------------0------------------------0------------------------------------------0-0--
-------------------0-------0-------------------------------------------0--------------
--------------------------------------------0-0-------0-----------------------0-------
------------------------------0-------------------------------------------------------
------------------------------------0----------------------------------------1-------0
-----------------------0--------------------------------------------------------------
----------------------------------------0-------0-0----------------0------0-*.----0---
--------------------------0-------1---------------------------------------------------
--------------------------------1-------0--------------------------------0--.-.--0----
-----------------------------------------0-----------0--------------------------------
----------------------------------------0---0------------------0-------00----.*-0-----
------------------------------0-------------------------------------------------------
------------------------------------0----------------------------------------1--------
-------------------------------------0-------0---0-------0-0--------------------------
------------------------------------0-------00---------------------0--------0---------
-------------------------0------------------------------------------------------------
------------------0---------------------------------0---------------------------------
---------------------0-------------------0-----------0-0-------0----------------------
-------------------1--------------------00-------0------------------------------------
---------------0-0---0-------0--------------------------------------------------------
----0---------0-------0-------------------------0-------0-----------------------------
-----------------*-.-----0------------------0-----------0--0--------------------------
---------------0-..1-.-1---------------------0----------------------------------------
-----------0-0-----1-*---0------------------------------------------------------------
0-------0---------0---------------------------1-----0---------------------------------
---------------------1------------------0-------0---0-------0-------------------------
---------------1---0---0-------------------------------------0----0-------------------
---------------0-1--------------------------------------------------------------------
----0-------------------0-----------------0-------0-----------------------------------
-------------------------------------0------1----0-0----0------------0----------------
-------------------0-------------------------------------0----1--1----0---------------
0----------------------0--------------------------------------------------------------
--------------------0-------0-----------------0----0----------------------------------
-------------------0-------0-----0-------0---010-----0-0---------0-0-----0------------
-------------------------------------------------------------0----0-------------------
--0-0--------------0-------0-----------------------.----------------------------------
------------------------0----------------------0-------0------------------------------
---------------0---------------0-----0----0------001-----------0-----0-0--------------
--------------------------------------------------------------------------------------
0----------------------0--------------------------------------------------------------
----------------------0----------------------------0----------------------------------
-------------------0-------0------------------0--------------------0------------------
-----------------------------0--------------------------------------------------------
-----------------------------------------------0--------------------------------------
------------------0-------0-------------------0---------------------------------------
------------------------------------------------------------------0-------------------
-------------------------0-------0----------------------------------------------------
-------------------------------------------0-------0------------------------------0---
----------------------0-------------------0-------0-----------------------------------
--------------------------------------------------------------0-------0---------------
-----------------------------0--------------------------0-----------------------------
---------0-------------------------------------0-----------------------------00-------
------------------0---------------------------0---------------------------------------
------------------------------------------------------------------0-------------------
-------------------------------0--------------------0-------0-------------------------
-----0-------0-----------------------------------------------------------0-------00---
--------------0-0-----0-------1-----0-------------------------------------------------
------------------1-------------------------------------------------------------------
-------------------------0-0--.-------------------------0-----------------------------
---------0-------------------------------------------------------------------0--------
------------0-----.-1----01----.*-*.----0---------------------------------------------
--------------1-.-1---0---------------------------------------------------------------
----------------*----0-------10-----1--0----------------------------------------------

Generation = 5, Population = 942.
--------------------------------------------0---0---0----------0---0------------------
-------------------------------------------0-0-0-0-0-0--------0-0-0-0-----------------
----------------------------------0---------0---0---0----------0-0-0-----0------------
---------------------------------0-0----------------------------0-0-----0-0-----------
----------------------------------0-------------0----------------0-------0-0----------
-----------------------------------------------0-0---------------------0--0-0-------0-
------------------------------0-------0--0------0-----------------0---0-0--0-------0-0
-----------------------0-----0-0-----0-00-0-------0--------------0-0---1------------0-
----------------------0-0-----0-------00-0-------0-0--------------0----1--------------
-----------------------0--------------0-0----0----0----------------0--0-0--0----0---0-
----------------------------------0--0-0----010---------------0--00-0.00-00-0--0-0-0-0
-------------0-----0-------0-----0-00-------0*--------0------0-00-0..0-.0-00----0---0-
------------0-0---0-0-----0-0-----00---0---0---0-----0-0------0--0----01-0------------
-------------0-----0-------0------0-0-0--00-0-0--0----0---------------0*0-----------0-
-----------------------------------0----0100----0-0---------------0--00*0----------0-0
---------0-------0-----0----------0-----01-------00--------------0-00-00------------00
--------0-0-----0-0---010--------0-0---0---0-----0-0--------------00-0-----0--------0-
---------0-------0----010---------0---0-0-0--0--------------------0-0-----0-0--------0
-----------------------0---------------0----0-0--0-0---------------0-------0----------
-------------0------------------------0------0----0------------------------------0-0--
------------0-0----0-------0---------0-0-------------------------------0--------0---0-
-------------0----0-0-----0-0---------0-----0-0-------0---------------0-0-----0--0-0--
-------------------0-------0--0------------0---0-----0-0---------------0-----0-0------
-----------------------------0-0----0-------0-0-------0----------------------00------0
-----------------------0------0----0-0--------------------------------------0-0-----0-
----------------------0-0-----------0---0-------0-0----------------0------0-00----0--0
-----------------------0--0-------0----0-0-----0---0--------------0-0----0--..---0-0--
-------------------------0-0----00-0------------0-0----------------0-----00-0----00---
--------------------------0----0-00----0-------------0------------------0-0-.-.-0-0---
--------------------------------0-------0-0-0-------0-0--------0-------000----0-00----
------------------------------0--------0---0-0-------0--------0-0-----0110---..--0----
-----------------------------0-0----0---0---0------------------0-------00----00-0-----
------------------------------0----0---------0---0-------0-0----------------0-0-------
------------------------------------0-0------10-0-0-----0---0------0--------00--------
-------------------------0---------0-------01-0--0-------0-0------0-0------0-0--------
------------------0-----0-0---------0-------00------0--------------0--------0---------
-----------------0-0-0---0---------------0---------0---0-------0----------------------
------------------000-0------------------10------0------0-----0-0---------------------
---------------0-00-0--------0---------01-0-----0-0--0-0-------0----------------------
----0-------------000-------0-0---------00------00------0-----------------------------
---0-0-------0---------0-0---0--------------0--0-0-----010-0--------------------------
----0---------000.0.--000-0----------------0----0------0100-0-------------------------
-----------0-00-0.**0.0-0---------------------0---------0--0--------------------------
0-------0-0---00---*-.000-0------------------00-----0---------------------------------
-0-----0-0-0-0---0-------0--------------0----0-00--010------0-------------------------
0-------0------0--000-00---------------0-0----10-0-010-----0------0-------------------
--------------0*010-000-0---------------0-------0---0---------0--0-0------------------
----0---------01--00---00-----------------0-------0----------0----0-------------------
---0-0---------0-0-----0-0-----------0---0-01-----------0------------0----------------
----0--------------0----0-----------0-0---00-0--0-0-0--0------0--0--0-----------------
0-----------------0-0--0-------------0------0----0-0------0--0-11-0----0--------------
-0-----------------00-0-0---0-----------------0----0-----0----0--0----0---------------
0--------------------0-0-----0---0-------0----1---0-00-0---------0-0-----0------------
------------------0-------0-----0-0-----0-0-01*10--10---0----0--0-0-0---0-0-----------
--0-0----------------------------0-------0---000-----0-0----0-0----------0------------
-0---0------------0-0---0-0-0------------------0---.---0-----0----0-------------------
--0-0----------0---0---0-0-0---0-----0----0---0-0100--0-0------0-----0-0--------------
--------------0-0-------0-----0-0---0-0--0-0---001-*0--0------0-0---0---0-------------
0--------------0-------0-------0-----0----0------000-----------0-----0-0--------------
-0----------------------0--------------------------0----------------------------------
0------------------0-0-----0------------------0---0-0--------------0------------------
------------------0-0-0---0-00---------------0-0---0--------------0-0-----------------
-------------------0-------00-0---------------00-------------------0------------------
------------------0-------0--0------------------0-------------------------------------
-----------------0-0-----0-0-----------------0--------------------0-------------------
------------------0------00------0------------0------------------0-0------------------
------------------------0-0-----0-0--------0-------0--------------0---------------0---
----------------------0--0-------0----------0-------0----------------------------0-0--
---------------------0-0-----------------0-------0------------0-------0-----------0---
----------------------0------0------------0-------0-----0----0-0-----0-0--------------
---------0------------------0-0----------------0-------0-0----0-------0------00-------
--------0-0-------0----------0------------------0-------0-------------------0110------
---------0-------0-0-------------------------0--------------------0----------00-------
------------------0------------0--------------0-----0-------0----0-0------------------
-----0-------0----------------0-0------------------0-0-----0-0----0------0-------00---
----0-0-----0---0-----0-------00----0---------------0-------0-----------0-0-----0110--
-----0-----------00--0-0-----0-0---0-0-----------------------------------0-------00---
--------------0-00-0--0--0-0--0-----0-------------------0-----------------------------
---------0--------1-----0---0-.------------------------0-0-------------------0--------
--------0-0-0-------0-----00----0-0-----0---------------0-------------------0-0-------
---------0-0-00---.0-00-01*0---..-..---0-0-----------------------------------0--------
------------00-0.0-00--0-00--00-0-0-0--00---------------------------------------------
--------------00.00-0-------0*10---1-10-0---------------------------------------------

Generation = 6, Population = 1005.
--------------------------------------------------------------------------------------
----------------------------------0-------0-----------0------0---0---0---0------------
--------------------------------------------------------------------------------------
--------------------------------0---0-------0-------0------------------0--------------
-----------------------------------------------------------------------0------------0-
------------------------------0---0---0--0----0---0--------------00----------0--------
-----------------------0--------------------------0------------------0---0--------0---
----------------------------0---0---0---1--0----0---------------0---0--*---0----------
---------------------0---0-------------------0--0---0--------------0---*---0----0-----
------------------------------0---0---1------1----------------0--00--11---------------
-------------0-----0---0---0----------0----0--10--0---0----------1-1-.-1-1---00-------
--------------------------------0---1--------.-0------------0--11-1*.-1.---1----------
-----------0---0-0---0---0---0------0---00--00--00--0---0------------------0----0-----
---------------------------------01---------------------------0--00---1.--------------
---------0---0---0-0---0---0------0---00--11--00--10--0--------------1-.-0--------0--1
-----------------------1-----------0----------------------------0---1------0----------
-------0---0---0---0-0---0------0---0---00--00--010-0------------------0-----------010
---------------------0---0-----------0---------------------------01------0---0--------
---------0---0---0-----1----------0---0---00---00-0-0----------------------------0-0-0
-------------------0---0---0-----------0---------------------------0---0---0----------
-----------0---0--------------------0---0---000---0---0-----------------------00-0-0-0
-----------------0---0---0---00--------------------------------------0---0------------
-------------0----------------------0-0---0-0-0-0---0---0-------------------01--00-0-0
-------------------0---0---00---0--------------------------------------0--------------
----------------------------------0---0-0---0-0-0-0---0------------0------001-10--00-0
---------------------0---00---0---0------------------------------------------1--------
--------------------------------0---0-0-0-0---0-0-0-0------------0---0--010-**--01--00
-----------------------00---0---1---0----0-----------0-----------------------0--------
------------------------------0---1---0---0-0---0-0------------0---0----1-11.-.11-10--
--------------------------0---0---0----0---0-------0---0---------------------0--------
--------------------------------0---0-0-0-----0--------------0---0---01---0--**-010---
----------------------------0---0----0---0---0---0---0---0-0-----------------1--------
----------------------------------0-0-0-0----1-----------------0---0---00--01-100-----
-------------------------0----0----0---0---0-------0---0-0-0-0------------------------
------------------0---------------0-0-0---01--10----0------------0---0----0--10-------
---------------------0-0---0---------0---0---1---0---0-0-0-0---0----------------------
----------------0--10---------------0---01--00---00---0------------0--------0---------
---------------0-0-1-0-0-0---0---------0---0-------0-0-0-0---0---0--------------------
----0---------0--11--00---------------01--10---01--00---0-----------------------------
-------------0-0-----0-0-0-0---0---------1--0--------0-01--0---0----------------------
--0---0-----0--00--11--10---------------00---00--10---0---0---------------------------
-----------0-0---.1.00-1-0-0-0------------0---0-------0--11--0------------------------
0---0---0----11-1.*.1.---0-----------------0--100---0---1-----------------------------
---------0-0-0-1-1-*-*---0-0------------0---0---0---1---0--00-------------------------
0-0---0---0-----0---0-----------------------01--1-0---0------0----0-------------------
-----------0-0-1-1---1-1-0------------0---0---*-------0---0---0-----------------------
0---0---0----0-.--1-----10----------------0---1---0-1------0---00---0-----------------
-------------0-*-1-1-0---------------0--0---1---00-00---0---0--------0----------------
--0---0--------1------01--0-------------0---*---0---0----0---00--00---0---------------
0--------------0-0-----0-----------0---0--1---00-0-0-00---0--------0---0--------------
----0------------0--10--0---0-------------0---0---01---0---00--**--00---0-------------
0-0----------------1-0---0-0-----0---0---0--0010-0-1-0-00--------1-0-0---0------------
------------------00--0---0---0-------------0---00---1---0---00--10---0---------------
0-0-0------------0-0-0-0-0-0-0-0---0---0----1*.*10-*-0-0-0-----0-0-0-0-0---0----------
--------------------0---0---0-----------------11---1---1---0---00---0-----------------
0-0-0-0--------0-0-0-0---0-0-0-0-0---0---00--001-10.-0-1-------0-0-0-0-0-0------------
----------------------0---0------------------0---*---0---0---0----0-------------------
0-0-0--------0---0-0---0---0-0---0-0---00---0--11*-.10-------0---0-0-0-0-0------------
----------------------0-0----------------------0---1---0------------------------------
0-0------------0---0-0---0-0---0-----0----0---0--001-----------0---0-0-0--------------
--------------------0---0----0-------------------0---0--------------------------------
0----------------0---0-0-0---1--------------0--10----------------0---0----------------
------------------0---0---01---0--------------1----0----------------------------------
-------------------0-------0-----------------00--0----------------00------------------
----------------0---0---01--00---0----------0---0-------------------------------------
-------------------------------------------0---0---0------------0---0-------------0---
------------------0---00--10---0---0------0---0---0-----------------------------------
-----------------------------------------0---0---0---0--------0---0---0---------0---0-
--------------------0---00---0---0------0---0---0---0---0-----------------------------
---------0---------------------------------0---0---0--------0---0---0---0----00---0---
------------------0---0----0---0----------0---0---0---0---0---------------------------
-------0---0---------------------------------0---0------------0---0---0----01--10-----
----------------0---0--------0-0------------0---0---0---0---0-------------------------
-----0---0---0---------------------------------0----------------0---0----0---00--00---
--------------0-0-0---0------01--0--0---------0---0---0---0---0-----------------------
---0---0---0---0--0-----------------------------------------------0----0---0---01--10-
------------0-0-0-1-0---00-00--10-0---0-------------0---0---0-------------------------
-----0---0---0--1---0----------------------------------------------------0---0---00---
------------0-0-0---0-00--00-1.-0-0-0---0-------------0---0---------------------------
-------0---0--0---0---0--------0---0---------------------------------------0---0------
----------0---1--0*1-1101*.-000*.-.*0-01--0-------------0-----------------------------
---------0--1--1.11-----0------0---0-----------------------------------------0--------
------------0-1-.-1010-0-0001.*1----1*1010--------------------------------------------

Generation = 7, Population = 2397.
----------------------------------0-------0-----------0------0---0---0---0------------
---------------------------------0-0-----0-0---------0-0----0-0-0-0-0-0-0-0-----------
--------------------------------0-0-0-----0-0-------0-0------0---0---0-0-0------------
-------------------------------0-0-0-0-----0-0-----0-0----------------010-----------0-
------------------------------0-0-0-0-0--0--0-0---0-0------------00---010----0-----0-0
-----------------------0-----0-0-0-0-0-00-0--0-0-010------------0110-0-0-0--0-0---0-0-
----------------------0-0---0-0-0-0-0-0-00-0--0-0010------------000---010-00-0---0-0--
---------------------0-0-0-0-0-0-0-0-0-0-00-00-0100-0----------0-0----0.00010---0-0---
--------------------0-0-0-0-0-0-0-0-0-0-0--0010010-0-0--------0-00---0-*0-010--0-0----
-------------0-----0-0-0-0-0-0-0-0-0-0*0---00*-00-0-0-0------0-00-100**1-0-0-00-0-----
------------0-0---0-0-0-0-0-0-0-0-0-0010--0-0-*-00-0-0-0----0-00-*-*0*0---000110------
-----------0-0-0-0-0-0-0-0-0-0-0-0-0*00-00-00*-1-00-0-0-0--0-00**1**.0-.-10*000-0-----
----------0-0-0---0-0-0-0-0-0-0-000010-01100111-1100-0-0-0--0-0000-0------010--0-0----
---------0-0-0-0---0-0-0-0-0-0--01-00-000001000000000-0-0----0-00110---.-0-0----0-0--0
--------0-0-0-0-0---0-010-0-0-----1--01101**001101*100-0------0-000----.0-00-----0-00-
-------0-0-0-0-0-0---00*00-0----0-----000100000000-00-0--------0-0-0---0-00-0-----000-
------0-0-0-0-0-0-0--101010----0-0-----0110011001-1--0----------000-0-0-00-0-0----01-1
-------0-0-0-0-0-0-00101010-----0-0-----000000-0-0--------------01*0---00-0-0-0--0--0-
--------0-0-0-0-0-00-00*00-0-----0-0-----0110-011----0-----------000---0-0-0-0--0-----
---------0-0-0-0-00-0-010-0-0-----0-0-----0000000---0-0-----------0-0-0-0-0-0-00------
----------0-0-0-00-0-0-0-0-0-00----0-0---0-01-10-0-0-0-0-----------0-0-0-0-0-011------
-----------0-0-00-0-0-0-0-0-0110------0-0-0--0--0-0-0-0-0-----------0-0-0-0-00000-----
------------0-0--0-0-0-0-0-0000-0--0---0-0-------0-0-0-0-0-----------0-0-0-01*0011----
-------------0----0-0-0-0-0110-0-00-0---0-0-------0-0-0-0----------0--0-0-00-000000---
-------------------0-0-0-0000-0-0010-0---0-0-------0-0-0----------0-0--0-01-*1*10011--
--------------------0-0-0110-0-000100-----0-0-------0-0----------0-0-0--00-00*-000000-
---------------------0-0000-0-0010001----0-0-0------------------0-0-0-001-1-**001*0011
----------------------0110-0-000*01010----0-0-0-------0--------0-0-0-0---0-0-100-00000
-----------------------00-0-001010*000-----0-0-0-----0-0------0-0-0-0--0--***-***-*10-
-------------------------0-0-01000100-0-------0-0---0-0-0----0-0-0-0-00-0--001-0-0-0--
--------------------------0-0-001000-0-0---0---0-0-0-0-0-0-00-0-0-0-01*1-0-00**-1-10--
---------------------------0-0-0100-0-0-0-0-01--0-0-0-0-0---00-0-0-0-0000-00-*00-00---
-------------------------0--0-0-00-0-0-0---00*0--0-0-0-0-----00-0-0-0-011001*1*-10----
------------------0-----0-0--0-0--0-0-0----10100--0---0-------00-0-0-0-00-0000-00-----
-----------------0-0-0-0-0-0--0--0-0-0----1-1-*100-----------0-00-0-0-0--0-00*10------
----------------0-00----0-0-0-----0-0----1-0-*-001----0-----0-0-00-0-0----0-000-------
------------------0-10---0-0-0-----0----1-0-1-0-0-1--0-0---0-0-0-00-0------0-0--------
----0-----------010*010---0-0-0-----0--1-1-1-0-000-10-0-0-0-0-0-0-00--------0---------
---0-0---------00-*-0110---0-0-0-----01-1-*---01*00-10-01--0-0-0-0--------------------
--0-0-0-------01-000-1010---0-0-0-----00-*----000000--01-0--0-0-0---------------------
-0-0-0-0-----00-10-*-00*10---0-0-------01----1-00*10--1-1-1--0-0----------------------
0-0-0-0-0-0-01-0-.*.11-*01----0---------0-------000-0010-*-00-0-----------------------
-0-0-0-0----0**0-.*.*.-10-0--0----------0----0---0-01000*-0000------------------------
--0-0-0---0--10---0*-*0-01--0----------0-0--1-0--000*00010011-----0-------------------
---0-0-0---0---0-0---0-0---0----------0-0-00-*-0*--010100-00-----0-0------------------
--0-0-0-0----1--0-------010----------0-0-0100-*00---1010-0------0-0-0-----------------
-0-0-0-0-0-00-0.-1------*-0----------00-001000*00--0*00-0------110-0------------------
0-0-0-0-0---01-.--0----0000---------0-001000*000-10110-0------00000-------------------
00-0-0-0-----00-0--0--1-00-0-------0-0--1000.00-10-01-0------110011-------------------
-00-0-0-------01-10-00-1--0-0-----0-0-0--0*010-10-01011-----000000-1------------------
--00-0---------0010-*-0------0---0-0-0-0--100--0-01*0--1---1101.*-011-----------------
---00------------0-*01----0---0-0-0-0-0-0--0--*1010*-1--1--00000-*010-----0-----------
----0-------------1100---0-0-----0-0-0-0-0-0-010-10-0-0--10-011-0*10-0---0-0----------
-----0----------0-010-0-0-0-0-0-0-0-0-0-0--0-*..*--.-1-1-100-0-1010-0-0-0-0-0---------
------0--------0---0-0---0-0-0---0-0-0-0-00-00-*---*0-0-000-0-0110-0-0---0-0----------
-------0------0-----0-----0-0-----0-0-0-01100-1---1.01-*00-0-0010-0-0-----0-----------
------0------0-0-----------0---0---0-0-0000--1---.----000-0-0100-0-0------------------
-----0------0-0-0---0-0-------0-0---0-0110-0--0--*0.*-00-0--010-0-0-------0-----------
----0--------0-0-0-----0-----0-0-0-0-0-00-0-0--1---*-00-0----0-0-0-------0------------
---0----------0-0-0-0---0---000-0---0-0--0-0-0--0---00-0------0-0-0-----0-------------
--0------------0-0---0---0-00100-----0----0-0-00-1-00-0--------0-0-0---0--------------
-0--------------0-----0-0--00*00-----------0-0-*1--0-0----------0-0-0-0---------------
0-------------------------1-000-0-----------0-*-000-0------------000-0----------------
----------------0-----0-00-1-0-0-0-----------1-0--00-------------0110-----------------
---------------0-0---0-01*0-110-0-0-----------0----0------------0-000-------------0---
----------------0-0-0-00000000-0-0-0----------------0----------0-0-0-0-----------0-0--
-----------------0-0-01100*10-0-0-0-0----------------0--------0-0-0-0-0---------0-0-0-
------------------0-0-000000-0-0-0-0------------------0-0----0-0-0-0-0-0-------0-0-0-0
---------0---------0-0-0110-0-0-0-0----0---------------0-0--0-0-0-0-0-0-0----00-0-0-0-
--------0-0-------0-0-0-00-0-0-0-0------0-------------0-0-00-0-0-0-0-0-0-0--0110-0-0--
-------0-0-0-----0-0-0-0--0-0-0-0--------0-----------0-0-0-00-0-0-0-0-0-0--000000-0---
------0-0-0-0---0-0-0-0----0-0------------0---------0-0-0-0-00-0-0-0-0-0--01*11*10----
-----0-0-0-0-0-0-0-0-0------0---0----------0-------0-0-0-0-0-00-0-0-0-0--0-00000000---
----0-0-0-0-0-----0-0-0-------00-0--0-------0-----0-0-0-0-0-0-00-0-0-0--0-0-01100110--
---0-0-0-0-0---0--10-0-0----01*00-00-0-------0---0-0-0-0-0-0-0-00-0-0--0-0-0-00000000-
--0-0-0-0-0---0-00-00-0-00-00000000-0-0-------0---0-0-0-0-0-0-0--0-0--0-0-0-0-01*11*10
---0-0-0-0---0-01-*-10-011-1101*1--0-0-0-----------0-0-0-0-0-0----0----0-0-0-0-000000-
----0-0-0-0-0-00-010-000000-00-0----0-0-0-----------0-0-0-0-0-----------0-0-0-0-0110--
-----0-0-0---01-10101--10011--.----0-0-0-0-----------0-0-0-0-------------0-0-0-0-00---
------0-0----0-00-1-0--000000--1---10-000-0-----------0-0-0---------------0-0-0-0-----
-------0----00*-0-.*-**-**.01--**-**1-1*00-0-----------0-0-----------------0-0-0------
--------0--0*01-*-*00-001000-00-0-0100--000-------------0-------------------0-0-------
---------0-01---.----1--01--*.*-0---**---10----------------------------------0--------

Generation = 8, Population = 402.
--------------------------------------------------------------------------------------
----------------------------------------0---------------0--0-----------0---0----------
-----------------------------------------------------------------------1------------0-
-----------------------------------------0-------------------0----0----------0--------
-----------------------0--------------------------1-----------------------------------
---------------------------------------1--------0--------------0---1-----------0------
---------------------------------------------0-------------------------*--------------
--------------------------0---------------1---------------------------1.1-------------
-------------0------------------------1----------------------------0-1-.--------------
--------------------------------------.------.--1-----------------*11..-0-------------
----------------------------------------------.----------------1-.-.1.---1--1--10-----
---------------------------------1--.--------.---1--------0--1-..-...1-.0*-.-1--------
---------------0---------------0----------1---------------0------1--00---0-----------0
-----------------------1-------0---------------1------------------*-0--.--------------
-------------------------------------1----..------.--1-------------0---.--------------
-----------------------.----------0---------------------------------------------------
-----0---------------*--------0---------------1---------------------------------------
---------------------------------------------------------------0--.------------0------
-----------------------.--------------------1--------------------------1------0-----0-
------------------------------0----------0------------------------1--0----------------
-----------------------1------------0-------------0----------------------------*------
---------------1---------------1-------0----------------------------------------------
------------------------------------------0--0------------0--------0--------*.--------
-----------------------------------------------------------------------------1--------
-------------0------------------------0-------------------------------------.-.-------
-----------------------------------------0-----------0-----------------0---1-.-1------
------------------------------------*---0-----------0-----------------1-----..1-*.----
----------------------1---------.-----0------------------------------------1---1------
----------------------------1-----.---------0------------------------0----...-...-.---
-----------------------0-----------------------------------0---------------1---1------
---------------------------------------------0----0--------1--------1-.---011..-----0-
-------------------------0-------------------------------------------------1-.-1------
------------------0--------------------------.------0-----------------------.-.-------
---------------------0-----------0-----------*---0-----------0---------------1--------
-------------------1------------0-----------*-.-1----------------------------.*-------
---------------0-0------------0--------------.----------------------------------------
----0-------------------------------0----------------------------------------1--------
-------------------.------------------------0------*----1----------1------------------
------------------.------------------1----*-----.----1-------------0--------0---------
------------------1-0*-----------0-------*--------------------------------------------
----------0-----*--.111.--0-----------------0-0--.----------0-------------------------
-------------*-1-.*.--0.-----0-----------0-----------1---.----------------------------
-----------0-..-1**...--1--0------------1---------------.----1----0-------------------
-------0-0-----1---*0*1--*--------------------------.---------------------------------
--0---------0---0--0010-0--------------------.--.-------------------------------------
-----------------1---1--------------01--------.-10-0*------0----1----0----------------
-----------1---.--------.--0-----------------1.-----.---------------------------------
1-------------0*0------1-1------------------.-----------------------------------------
---------------1--0-------------------0----1.1-----1*-1-------------------------------
-------------------0-1-----0--------------.-*-0----------------1---*------------------
-------------------0.------------------------------.-0----0---*..----0----0-----------
---------------0-1-.--------------------------.----.-----------1-.--------------------
----1-----------0---------------0-------------*----0-------------.--------------------
-----------------------------0-----------0-11...*-0.0---0*-1-1---------------0--------
-------------------1--------------------------1*---*----------------------------------
------0-0------0---------------0-----------------1-.-*-.------------------------------
----------------------0--------------------0--0--*---------0--------------------------
-----------0-------0-------0-------0--1---------1.1**01----0---------------0----------
-----------------------------1-------------------0-*---------1----0-------------------
-----------------------------------------------0---1----------------------------------
------------------------0---------------------1---------------------------------------
-----------------------------.-------0---------.-0-1--------------1--0----------------
----------------------------------------------.---------------------------------------
0----------------------0----------------------------------------------------------0---
--------------0----------.----1--------------------1----------------------------------
-------------------0-------1------------------0--------------------1------------------
---------------------1----.----------0------------------0-----------------------------
---------0-----------------------------0---------------0---------------------0--------
------------------0-------------------0---------------0-------------------------------
----------------------------------------------------------1---------------0-----------
-------------------------------0------------------------------------------------------
--------------------------------------------------------------------------1-.--.--0---
----------------0-----0-------0-----0-------------------------------------------------
------------------1-------------------------------------------------------------------
-------------------------0---*.----1------------0---------------1---------------------
-0---------------1-----------------------------0---------------------0----------.--.-1
----------0-------.------*0---*.--------------0---------------------------------------
------------------------------01---0------------------------------0-------------------
-----------------1-1---*----01*---01---1----------------------------------------------
---------------110*-1-----1--00*---*-0--------------------------------------------0---
--------0-----.0-0..-..-...1---.*-..*0-.----0-----------------------------------------
----------0-.1--.-*11--------1-0---*--------------------------------------------------
--------------1-.-10--------*.*-100-.*1----0------------0-----------------------------

Generation = 9, Population = 1137.
----------------------------------------0---------------0--0-----------0---0----------
---------------------------------------0-0-------------0-00-0---------010-0-0-------0-
----------------------------------------00--------------0--0-0----0---0*0--0-0-----0-0
-----------------------0----------------0-0-------0---------0-0--0-0---1----0-0-----0-
----------------------0-0--------------0-0------00-0---------0-0--00---------0-0------
-----------------------0--------------0-0----0-0-01-----------0-0-1-0--0------0-0-----
--------------------------0------------0--0-0-0-0--------------0---0---*-------0------
-------------0-----------0-0----------0--0-0-0---------------------0---*-0------------
------------0-0-----------0----------0-0--0-----1------------------10--*--------------
-------------0------------------------.------.-0-0-------------0-0**-*.1----0--00-----
---------------------------------0------------.-00--------0--00-0.0.**--0*00--1*10----
---------------0---------------00-0-.-----0--.--0-0------0100-0..1...*1.1*0.--000----0
--------------0-0------0------0100-------1-0---0-1-------010-0--0--0--0--10--0------0-
---------------0------0-0-----010----0----0---0-0----0----0-------*01--.-0-----------0
-----------------------1-------0--1-0-1---..---1--.-0-0----------------.--------------
-----0---------------0-.------0--0-0-0--------0------0-------------0------------------
----0-0-------------0.0------0-0--0----------1-0---------------0---------------0------
-----0---------------1--------0-------------0-0---------------0-0-.----0--------0---0-
-----------------------.------0----------0-1-0-----------------0--0--00-0----0-----0-0
-----------------------1-----0-0----0---0-0-0-----0--------------0-00-00------00----0-
---------------0------0-0-----00---0-0-0-0-------0-0--------------0--0--------1.0-----
--------------0-0------0------1-0---0-0-0-0--0----0-------0--------0--------0--0------
---------------0---------------0-------0-0-00-0----------0-0------0-0------0..--------
-------------0------------------------0---0--0------------0--------0----------0-------
------------0-0----------------------0-0-0-----------0-----------------0---0.1.1------
-------------0----------------------0-0---0-----------0-----------------0-0-0.--------
----------------------0------------0.000-----------0-----------------0------..--*.----
---------------------0-1----0---.---10-00---0-------0----------------00---0-0---------
----------------------00---0-0----.---0----0-0-------------0--------0-0---...-...-.---
----------------------0-0---0---------------00----0-------010-------00-----*--0-0---0-
-----------------------0-0------------------0-0--0-0------0*0------0-1.--01-*..----0-0
------------------0-----0-0------------------1----0-0------0--------0------*-.0-0---0-
-----------------0-0-0---0-------0-----------.---0-0-0-------0-------------1.1.0------
------------------000-0-----------0----------.0---0-0-------0-0-------------0---------
---------------0-00-00--------00-----------1.-.1-------------0---------------..0------
----0---------0---00---------0-00---0-------0.--0----------------------------00-------
---0-0---------0-0------------0----0-0------1------0----0----------0--------0-0-------
----0--------------.----------------00----01-0----0.00-0-0--------0*0-------00--------
------------------.-01-----------0--0-1---.00---.--01-0-1---------010------0-0--------
----------0-----00---.----0-----0-0--0--0.--0-0------0------0------0--------0---------
---------0-0-0--.0-.-*-.-0-0-0---0---------0---0-.---0-----0-0------------------------
----------000.--0.**1-1*0-000-0-----------0-0-0-----0-1--.--00----0-------------------
-------0-00-0.*0***.*.-1--0-00---------0-------------0--.---0-0--0-0------------------
--0---0---000-0-01-.1.-00*00------------0-----------.--------0----0-------------------
-0-0---0-0-0-0----0-1---------------00-------.--.0-01------0----0----0----------------
--0--------00-----00-*--0--0-------01*0------0.0*1-1.0----0-0--0-0--0-0---------------
0---------0-0-0*01---0-0.00-0-------00------0-.-00-0.------0----1----0----------------
-0---------0-11*110---0---00----------0----0*------11-0-------------------------------
0--------------*-0---0-1-0-0---------0-0--0-*-----0*.--0-------0---0------------------
---------------1---1--0---0-0---------0---.-*0-1---1011---0-----0-0.00----0-----------
---------------0-101*0-----0----------------0-0----.0-0--0-1-0**.--11-0--0-0----------
----0---------0-0-0.------------0-------------.----.-1----0-----0.---0----0-----------
---0-0-----------------------0-0-0-------0-000.00-------01-0-1-0-.-----------0--------
----0-----------0--1--------0-0-0-------0--****..--.-1-11.----0-------------0-0-------
------0-0------0--0-0--------0-0---------0-000**-0-*-0--00-0-0---------------0--------
-----0---0----0-0--0--0-------0-0----------0---10*1.0.0.---0--------------------------
------0-0--0---0---0-0-0---0---0---0--0---0-01-0-*-00-0---010--------------0----------
----------0-0-----0-0-0---0-00----0-00-1---0--01-.***-*0--0101----0-------0-0---------
-----------0-------0-------00-0----0--0--------1--0.-00----00-0--0-0-------0----------
------------------------0----0------------------000*0--------0----0-------------------
-----------------------0-0-----------0-------0---1----------------0--0----------------
------------------------0----.------0-0-------0.1---0------------0-00-0---------------
0----------------------0-------------0--------.--0-0--------------0--0------------0---
-0------------0-------0-0-----0--------------------0-----------------------------0-0--
0------------0-0---0---0-.-0-1-0--------------0---0-0--------------0--------------0---
--------------0---0-00----0-0-0------0-------0-0---0----0---------0-0-----------------
---------0---------00-1---.1--------0-00------0----------0---------0---------0--------
--------0-0-------0--0---------------0--0-----------------------------------0-0-------
---------0-------0-0-----------------0---------------0----0---------------0--0--------
------------------0------------0------0---------------0--0-0-------------0-0----------
------------------------------0-0-------------------------0-----------------------0---
----------------0-----0-------00----0------------------------------------0-1.--.-0-0--
---------------0-00--0-0-----0-0---0-0------------------------------------0-------0---
----------------00-0--0--0---00----00-----------0---------------0---------------------
-0---------------01-----0-0-0..---0-0------------0-------------0-0---0---------------0
0-0-------0-----0-0-------0--00----0----------------------------0---0-0---------.--.1-
-0-------0-0-----0.-----1.11-0**---0---------0--------------------0--0---------------0
----------0------0-0---0-00-0-1*0--10--0------0------------------0-0------------------
---------------0-*1---0.0-111*.0-01*000-0-------------------------0---------------0---
--------0-----0---.0-0-0-0----1*---*0100----0------------------------------------0-0--
-------0-00--0*101..-..-...-1-0.*0.*.-1.---0-0------------------------------------0---
--------00-0.--1.-.**0-----0--0-00-*--0----00-----------0-----------------------------
----------0----0.0---------0.**1*-1-..*0--0-0----------0-0----------------------------

Generation = 10, Population = 1157.
-----------------------------------------------------------------------1------------0-
--------------------------------------0--10-----------0--11-------0--0----------------
-----------------------0--------------------------0------------------0-.-0--------0---
----------------------------------------1--0----0-------0-------0--10--*--------------
---------------------0---0-------------------0--1---0-------------------------------0-
--------------------------0----------0----0---0---*---------------*--0010--------0----
-------------0---------0--------------0----0---0--1----------------1--0*00------------
------------------------0---0----------01---0------------------0--0---1*--0----0------
-----------0---0--------------------0-1-0----1-----------------0-0-*1-0*00--0--00-----
--------------------------0------0---0.0--0--.0--10-------0--0--01..-*.*-00--0--------
-------------0-0---------------0----------0---.-----------1--1-1-.1...---.11-1-.-10--0
-----------------------0-----------0.--------.--1--0----0--11-1.*-**..-.-.1.---1------
-------------0---0-----------0---1---0--1---1--------0--0---0--0---1--11-*-10--00--0-0
---------------------0---0---0----1----------0------------1--0--01*1*01.01---0--------
-----0---------0-----0--------01---0---1--..--1---.1---0--0-------0-0--.-0-----------1
-----------------------.-------00---0----------0---------------0--0-1----------0------
---0---0-----------0-.-1----0---0----0----------1----0-------------0---0------0-----1-
------------------------------1---0------0-------------------0---1.--0-------0---0----
-----0---------------0-.------1-----0-----1-------0------------------1---0--0--00-0---
---------------0------------0--10----------0-------------------00--11--1-------1------
---------------------0---0--------0---0---0-10--0---0-----0--------0---0----00*.-0--0-
-------------0---0-----------1*--0---0----------------------------0--0-------0--------
-------------0---------0------------0-0-0--11--0--0-----0---0----0---0----0-..00------
---------------0---------------0-------0-0-----------0-----------------0--------------
-----------0---0--------------------------0--0------0-----0--------0--0-----*-*-0-----
----------------------0---------------10---0-------0---0-------------0-----1-.-10-----
-------------0--------------0-----0-.-1---0-0-----0---0-------------01--1---..-0..----
--------------------0--*1-------.---*---10-----------0-----0-----------0-0---1--0-----
--------------------------0---1---.-0---0-0--10---0-0------1-------01-10--.*.-...-.-0-
---------------------01---------------0------------------0---0-----------0-*-1---0----
------------------0---------0--------------01--00--------0-.-0----0--*.-11*-**.---1---
---------------------0-----0-----0---------------0---------1-0-----------0-*-*-1-0----
----------------0--10-----------0------------.0-0-----0----0--------0-----0*.-*-----0-
---------------0-0-1---0-0----00---0-------1-.-----0-------0---0----------------------
----0------------11--1--------1---0-0-----1-.-.---0-0-----------------------0**-0-----
-------------0-0-0-1-0------0---10----------1.---1-0----0----0-----0---------1--------
--0---0------------1------------0-0--10---0-*---0----0-------------1-------01-10------
---------------0-1-.01--------0--0-------11---0--0-.-10---0------0-.-0----------------
----0-----0-----01.11*1---0--------01--11-*---0-.--1---0----0----0---0----0--10-------
-------------0-11-1-0*-------0-0---0---0-.-01------0-1--1----------1------------------
--------0--10-0-.1-*-*-*---10--------0--1---0-0-0.---1----1--10---00--------0---------
-------0-0-1-.0-1...-1**11-1---0-0-----0-0-0-------0---0-.----------------------------
--0------11--.*-....*.--1----1--------0---0-0-1---------.--01--00---0-----------------
-----0-0-0-1-111--0.-*1--*11-0------00---0-------0-0*0-----1----0----0----------------
0---0-----0-----0-10*--0-00-------------0----.-0.1--*--------0----0-------------------
0------0-0----010--10*0-----------01-.10------.1.*--.-1--0---00---00---0--------------
--0------0--10-.1-10010-*1---0--------0-----1-.-----.00-------------------------------
1-0---------0**.*-11-0-1-1----------00-----1*0--01-**------0---00--0-0----------------
-----------0-0-.01-00------1--------0---10-1.--0-01..01-0-0---1------0----0-----------
0-------------0-0--*-1-------0------------.0*10-0---1--------001---.-1----------------
----0----------10*1**1----------0-----0----010-----*1-110----1***--*---00---0---------
-------------0-0-11.01-----0-0-----------0-0-0*10--.----10-0--01-.-1---------0--------
--0---0-------0---11----------0---0---------1-.111-------*0---1--.---0----0-----------
------0-0--------0---------0-----------0-00......0-.0*-**.---1-------------0---0------
----0-----------00---00---------0----------111..010*01---1-1--------------------------
----0-0-0-00-0---0-1-------0-----0-0--0--1-10--*-.*.1.1*00---0-------------0-0--------
-------------------10---0----0-----------0--1*0-0.--1----0--------0-------------------
------0-00---0-0-0---0---0---1-0-0--11--1-----1*1*...0.100---*-----------0---0--------
----------------------0-0--1---0-----------0---*---.01---------00---0-----------------
-----------0-------0-------0-------0-00------0--111*1-0----0------1--0-----0----------
----------------------0---0--1--------------0---0*-0---------0----1-------------------
0----------------------0-----.-----0---0-------.-0---0----------0--11--0----------0---
--------------0---------0-----0---------------.----1----------------------------------
0-0----------------0-0---0-1---------0--------0--0-1--------------11-0----------0---0-
------------0---0----0---.--1---0----0-----------0---0--0-----------------------------
0--------0-------0---1-0-0---0---------0----0---0------0---------0---0-------0----0---
--------------0---01---1--.---0----0--11-----------0------0---------------------------
-------0---0-------0-------0---------1---0----0------0---00--------0------00---0------
----------------0---00---------0----01--0-----------0---------------------------------
---------0-----------------------------0---------------00---0-----------0-0-01----0---
----------------0-0---0------01--0--0-0---------------0-------------------------------
------------------0---------------------------------------0-------------0-1-.--.1---0-
--------------0---1-0---00--01-10-01--0---------0---------------0---------------------
-0--------------11--0---------1----------------0---------------------0----0-------1--0
----------0-----0-----00-01--..--0--10------------0-----------0---0-------------------
---0-----------0--10-----0---------1---------0---0----------------00---0--------.--.-1
--------0---0----1.0-----.**1-..--0----0----0-------------------0---------------------
-0-------------01-1-0----11-1--.1--*-----------0----------------0---00------------1--0
--------0-0------**1---.----*..-01-.-1---0--0-0---------------------------------------
----------0---111-.---0-0--0---.---.1*-1--------------------------0-------------0---0-
------0---1-01.*-***1**0...----..-.*.--.--01--0---------0-----------------------------
--------1---.1--.-*.*10---01---01-0*00--------------------------------------------0---
--------0-----11*-1011----01***-*0--..*111-010--------0-0-0---------------------------

*** Life<Cell> 1x100 ***

Generation = 0, Population = 50.
0-0-0-0-0-0-0-0-0-0-0-0-0-0-0-0-0-0-0-0-0-0-0-0-0-0-0-0-0-0-0-0-0-0-0-0-0-0-0-0-0-0-0-0-0-0-0-0-0-0-

Generation = 2, Population = 1.
--------------------------------------------------------------------------------------------------0-

Generation = 4, Population = 1.
------------------------------------------------------------------------------------------------0---

Generation = 6, Population = 2.
----------------------------------------------------------------------------------------------0---0-

Generation = 8, Population = 1.
--------------------------------------------------------------------------------------------0-------

Generation = 10, Population = 2.
------------------------------------------------------------------------------------------0---0-----

Generation = 12, Population = 2.
----------------------------------------------------------------------------------------0-------0---

Generation = 14, Population = 4.
--------------------------------------------------------------------------------------0---0---0---0-

Generation = 16, Population = 1.
------------------------------------------------------------------------------------0---------------

Generation = 18, Population = 2.
----------------------------------------------------------------------------------0---0-------------

Generation = 20, Population = 2.
--------------------------------------------------------------------------------0-------0-----------

Generation = 22, Population = 4.
------------------------------------------------------------------------------0---0---0---0---------

Generation = 24, Population = 2.
----------------------------------------------------------------------------0---------------0-------

Generation = 26, Population = 4.
--------------------------------------------------------------------------0---0-----------0---0-----

Generation = 28, Population = 4.
------------------------------------------------------------------------0-------0-------0-------0---

Generation = 30, Population = 8.
----------------------------------------------------------------------0---0---0---0---0---0---0---0-

Generation = 32, Population = 1.
--------------------------------------------------------------------0-------------------------------

Generation = 34, Population = 2.
------------------------------------------------------------------0---0-----------------------------

Generation = 36, Population = 2.
----------------------------------------------------------------0-------0---------------------------

Generation = 38, Population = 4.
--------------------------------------------------------------0---0---0---0-------------------------

Generation = 40, Population = 2.
------------------------------------------------------------0---------------0-----------------------

Generation = 42, Population = 4.
----------------------------------------------------------0---0-----------0---0---------------------

Generation = 44, Population = 4.
--------------------------------------------------------0-------0-------0-------0-------------------

Generation = 46, Population = 8.
------------------------------------------------------0---0---0---0---0---0---0---0-----------------

Generation = 48, Population = 2.
----------------------------------------------------0-------------------------------0---------------

Generation = 50, Population = 4.
--------------------------------------------------0---0---------------------------0---0-------------

Generation = 52, Population = 4.
------------------------------------------------0-------0-----------------------0-------0-----------

Generation = 54, Population = 8.
----------------------------------------------0---0---0---0-------------------0---0---0---0---------

Generation = 56, Population = 4.
--------------------------------------------0---------------0---------------0---------------0-------

Generation = 58, Population = 8.
------------------------------------------0---0-----------0---0-----------0---0-----------0---0-----

Generation = 60, Population = 8.
----------------------------------------0-------0-------0-------0-------0-------0-------0-------0---

Generation = 62, Population = 16.
--------------------------------------0---0---0---0---0---0---0---0---0---0---0---0---0---0---0---0-

Generation = 64, Population = 1.
------------------------------------0---------------------------------------------------------------

Generation = 66, Population = 2.
----------------------------------0---0-------------------------------------------------------------

Generation = 68, Population = 2.
--------------------------------0-------0-----------------------------------------------------------

Generation = 70, Population = 4.
------------------------------0---0---0---0---------------------------------------------------------

Generation = 72, Population = 2.
----------------------------0---------------0-------------------------------------------------------

Generation = 74, Population = 4.
--------------------------0---0-----------0---0-----------------------------------------------------

Generation = 76, Population = 4.
------------------------0-------0-------0-------0---------------------------------------------------

Generation = 78, Population = 8.
----------------------0---0---0---0---0---0---0---0-------------------------------------------------

Generation = 80, Population = 2.
--------------------0-------------------------------0-----------------------------------------------

Generation = 82, Population = 4.
------------------0---0---------------------------0---0---------------------------------------------

Generation = 84, Population = 4.
----------------0-------0-----------------------0-------0-------------------------------------------

Generation = 86, Population = 8.
--------------0---0---0---0-------------------0---0---0---0-----------------------------------------

Generation = 88, Population = 4.
------------0---------------0---------------0---------------0---------------------------------------

Generation = 90, Population = 8.
----------0---0-----------0---0-----------0---0-----------0---0-------------------------------------

Generation = 92, Population = 8.
--------0-------0-------0-------0-------0-------0-------0-------0-----------------------------------

Generation = 94, Population = 16.
------0---0---0---0---0---0---0---0---0---0---0---0---0---0---0---0---------------------------------

Generation = 96, Population = 2.
----0---------------------------------------------------------------0-------------------------------

Generation = 98, Population = 4.
--0---0-----------------------------------------------------------0---0-----------------------------

Generation = 100, Population = 4.
0-------0-------------------------------------------------------0-------0---------------------------
