*** Life<ConwayCell> 23x94 ***

Generation = 0, Population = 120.
.............................................................................*................
......................................*....*.............................*...*.*...........*..
.................*........................................................*...................
..............................................................................................
..............................*.*...............................*................*............
..*.*.....*...................................................................*...*...........
........................**.................*.....*...*.................*..*......*............
...*..................*......*...*......*............................*........*.*.............
..................................*..........................*.*..............*...............
.............*............................*........*..*................*.*.........*..........
.......................*....................**....*.............................*..........*..
....*..*...*......................*......*................*...................................
....................................*.........................................................
............*..............................................................*....*.............
...............*....................................................*............*............
..................................................*.......*..................*..........*.....
....*.......*...*........*......*..................*...........................*..............
..*......*.......................*.................*......*.........................*...*.....
.....*............*..*............*................*.....*.....*.......*.....*........*.......
..*......................*......*.*..*................****......*.............**..............
.......*..*..........................*....................*....*.....................*........
........................*.......................*.............................................
......*......*................*.................*....*......*....*..*.........................

Generation = 1, Population = 31.
..............................................................................*...............
..............................................................................*...............
..............................................................................................
..............................................................................................
..............................................................................................
.................................................................................**...........
...*...........................................................................*.*............
...............................................................................*..............
...............................................................................*..............
..............................................................................................
..............................................................................................
..............................................................................................
..............................................................................................
..............................................................................................
..............................................................................................
..............................................................................................
..................................................**..........................................
.................................*................***.........................................
..................................*....................*.**...................*...............
.................................*.....................****....**.............*...............
.......................................................***....................................
..............................................................................................
..............................................................................................

Generation = 2, Population = 20.
..............................................................................................
..............................................................................................
..............................................................................................
..............................................................................................
..............................................................................................
................................................................................***...........
.................................................................................**...........
..............................................................................**..............
..............................................................................................
..............................................................................................
..............................................................................................
..............................................................................................
..............................................................................................
..............................................................................................
..............................................................................................
..............................................................................................
..................................................*.*.........................................
..................................................*.*.........................................
.................................**................*...*..*...................................
......................................................*.......................................
.......................................................*..*...................................
........................................................*.....................................
..............................................................................................

Generation = 3, Population = 11.
..............................................................................................
..............................................................................................
..............................................................................................
..............................................................................................
.................................................................................*............
................................................................................*.*...........
...............................................................................*..*...........
..............................................................................................
..............................................................................................
..............................................................................................
..............................................................................................
..............................................................................................
..............................................................................................
..............................................................................................
..............................................................................................
..............................................................................................
..............................................................................................
..................................................*.*.........................................
...................................................*..........................................
......................................................**......................................
.......................................................*......................................
..............................................................................................
..............................................................................................

Generation = 4, Population = 10.
..............................................................................................
..............................................................................................
..............................................................................................
..............................................................................................
.................................................................................*............
................................................................................*.*...........
.................................................................................*............
..............................................................................................
..............................................................................................
..............................................................................................
..............................................................................................
..............................................................................................
..............................................................................................
..............................................................................................
..............................................................................................
..............................................................................................
..............................................................................................
...................................................*..........................................
...................................................*..........................................
......................................................**......................................
......................................................**......................................
..............................................................................................
..............................................................................................

Generation = 5, Population = 8.
..............................................................................................
..............................................................................................
..............................................................................................
..............................................................................................
.................................................................................*............
................................................................................*.*...........
.................................................................................*............
..............................................................................................
..............................................................................................
..............................................................................................
..............................................................................................
..............................................................................................
..............................................................................................
..............................................................................................
..............................................................................................
..............................................................................................
..............................................................................................
..............................................................................................
..............................................................................................
......................................................**......................................
......................................................**......................................
..............................................................................................
..............................................................................................

*** Life<ConwayCell> 13x32 ***

Generation = 0, Population = 244.
**..*..***...********.***.****.*
..*****.......****..*.**.....***
*.******..*.*.*...*...***.*..**.
.**......*....******.*********.*
.***..***.**.*.*.**.*...*.*.****
.***.********..*.*****...****.**
**.*.*****.****.**.***..********
****..*....***.**.***.*.*.***.*.
****.**......***...*.**...**.***
...*.*.*.*.**.*...****....******
....*...**.********.*.****..**..
**.*****.*....*...***..*....*.**
*..***..***...**..***.**.**...*.

Generation = 5, Population = 54.
................................
...................**...........
..................**............
...................**...........
...................**...........
.....................****.......
.....................*...*......
..........**.............*......
..**.....*..*........**...*.....
.*..*..**...*..........***......
*..*...*.**.*...........*.*...**
***.........*................*.*
.*.......****.................*.

Generation = 10, Population = 48.
..................**............
.................*..*...........
..................*.............
..................*..*..........
.....................*..........
...................*.....**.....
...........*........*....*.*....
..........*.**...........*.*....
.***....*...**.............**...
*............*..................
*..*....***.*.................**
***....**....**..............*.*
..............................*.

Generation = 15, Population = 46.
................................
.................**.............
................**.*............
................**.*............
..................*.............
........................**......
............**..........*.*.....
..*........*..*..........*......
*...*......**............**..*..
*...*..**.....*.................
*...*......*..*............*...*
*.**.......*..*................*
.**...........................*.

Generation = 20, Population = 40.
.................*..............
...............*****............
...............**.***...........
...............**..*............
................***....**.......
.................*.....**.......
......................*..*......
...........*..........*..*......
...........*...........*........
**......................***.....
..*..........*.*................
**............*.................
................................

Generation = 25, Population = 42.
................................
...................**...........
..................*..*..........
.......................*........
......................****......
...............**.**.******.....
...............*..***..**.*.....
................***..***.*......
..........................**....
.......................**.**....
.......................***......
................................
................................

Generation = 30, Population = 37.
................................
................................
.....................*..........
...................*.*..........
................**........*.....
..............**.*......**......
.....................*..*.*.....
..............*....*.**....*....
...............*.**......*..**..
................**....*.*.*.....
..........................**....
.......................*..*.....
........................***.....

Generation = 35, Population = 23.
................................
................................
................................
................................
........................*.......
..............*..........*......
..............*.......*..**.....
..............*...*.....***.....
..................*...*.*.......
.......................*.*......
.......................**.......
.......................*.*......
.......................**.......

Generation = 40, Population = 24.
................................
................................
................................
................................
.........................*......
........................*.*.....
.............***.......**..*....
........................*...*...
.........................*.*....
......................*..*.*....
......................*..*......
......................*.*.*.....
.......................***......

Generation = 45, Population = 17.
................................
................................
................................
................................
................................
..............*........*.*......
..............*.........*.......
..............*.................
................................
.....................**.........
.....................**.........
.....................*..**......
......................****......

Generation = 50, Population = 5.
................................
................................
................................
................................
................................
................................
.............***................
................................
................................
................................
................................
....................**..........
................................

Generation = 55, Population = 3.
................................
................................
................................
................................
................................
..............*.................
..............*.................
..............*.................
................................
................................
................................
................................
................................
